<?xml version="1.0" encoding="UTF-8"?>
<!-- Generated by org.testng.reporters.JUnitReportReporter -->
<testsuite hostname="DESKTOP-FVFDV2E" failures="0" tests="3" name="DhruvAcedemy.SeleniumFrameworkDesign.MainTest" time="84.095" errors="0" timestamp="28 Jul 2023 05:14:38 GMT">
  <testcase classname="DhruvAcedemy.SeleniumFrameworkDesign.MainTest" name="submitOrder" time="13.975"/>
  <testcase classname="DhruvAcedemy.SeleniumFrameworkDesign.MainTest" name="ordersItemsValidation" time="5.958"/>
  <testcase classname="DhruvAcedemy.SeleniumFrameworkDesign.MainTest" name="submitOrder" time="64.162"/>
</testsuite> <!-- DhruvAcedemy.SeleniumFrameworkDesign.MainTest -->
