<?xml version="1.0" encoding="UTF-8"?>
<!-- Generated by org.testng.reporters.JUnitReportReporter -->
<testsuite hostname="DESKTOP-FVFDV2E" failures="0" tests="1" name="DhruvAcedemy.SeleniumFrameworkDesign.MainClass" time="21.332" errors="0" timestamp="25 Jul 2023 12:30:25 GMT">
  <testcase classname="DhruvAcedemy.SeleniumFrameworkDesign.MainClass" name="submitOrder" time="21.332"/>
</testsuite> <!-- DhruvAcedemy.SeleniumFrameworkDesign.MainClass -->
