<?xml version="1.0" encoding="UTF-8"?>
<!-- Generated by org.testng.reporters.JUnitReportReporter -->
<testsuite hostname="DESKTOP-FVFDV2E" failures="0" tests="1" name="DhruvAcedemy.SeleniumFrameworkDesign.App" time="0.008" errors="0" timestamp="22 Jul 2023 08:16:55 GMT">
  <testcase classname="DhruvAcedemy.SeleniumFrameworkDesign.App" name="test" time="0.008"/>
</testsuite> <!-- DhruvAcedemy.SeleniumFrameworkDesign.App -->
